{"/Users/kevinyo/Desktop/yo-crawling-vue/functions/src/emulate-browser/emulate-browser.ts": {"path":"/Users/kevinyo/Desktop/yo-crawling-vue/functions/src/emulate-browser/emulate-browser.ts","statementMap":{"0":{"start":{"line":12,"column":4},"end":{"line":20,"column":8}},"1":{"start":{"line":14,"column":34},"end":{"line":14,"column":63}},"2":{"start":{"line":15,"column":24},"end":{"line":15,"column":47}},"3":{"start":{"line":16,"column":28},"end":{"line":16,"column":51}},"4":{"start":{"line":17,"column":24},"end":{"line":17,"column":48}},"5":{"start":{"line":18,"column":24},"end":{"line":18,"column":48}},"6":{"start":{"line":19,"column":18},"end":{"line":19,"column":34}},"7":{"start":{"line":24,"column":4},"end":{"line":24,"column":44}},"8":{"start":{"line":28,"column":4},"end":{"line":28,"column":36}},"9":{"start":{"line":32,"column":4},"end":{"line":32,"column":38}},"10":{"start":{"line":36,"column":4},"end":{"line":36,"column":30}},"11":{"start":{"line":40,"column":4},"end":{"line":40,"column":30}},"12":{"start":{"line":44,"column":4},"end":{"line":44,"column":41}},"13":{"start":{"line":48,"column":4},"end":{"line":50,"column":7}},"14":{"start":{"line":54,"column":4},"end":{"line":54,"column":38}},"15":{"start":{"line":58,"column":4},"end":{"line":63,"column":6}},"16":{"start":{"line":60,"column":32},"end":{"line":62,"column":8}},"17":{"start":{"line":61,"column":8},"end":{"line":61,"column":38}},"18":{"start":{"line":67,"column":19},"end":{"line":67,"column":47}},"19":{"start":{"line":69,"column":4},"end":{"line":75,"column":5}},"20":{"start":{"line":70,"column":6},"end":{"line":72,"column":9}},"21":{"start":{"line":71,"column":8},"end":{"line":71,"column":18}},"22":{"start":{"line":74,"column":6},"end":{"line":74,"column":34}},"23":{"start":{"line":79,"column":25},"end":{"line":79,"column":53}},"24":{"start":{"line":80,"column":25},"end":{"line":80,"column":58}},"25":{"start":{"line":82,"column":4},"end":{"line":82,"column":63}},"26":{"start":{"line":83,"column":4},"end":{"line":83,"column":29}},"27":{"start":{"line":85,"column":26},"end":{"line":85,"column":59}},"28":{"start":{"line":87,"column":4},"end":{"line":87,"column":83}},"29":{"start":{"line":88,"column":4},"end":{"line":88,"column":44}}},"fnMap":{"0":{"name":"(anonymous_0)","decl":{"start":{"line":11,"column":2},"end":{"line":11,"column":3}},"loc":{"start":{"line":11,"column":38},"end":{"line":21,"column":3}},"line":11},"1":{"name":"(anonymous_1)","decl":{"start":{"line":14,"column":12},"end":{"line":14,"column":13}},"loc":{"start":{"line":14,"column":34},"end":{"line":14,"column":63}},"line":14},"2":{"name":"(anonymous_2)","decl":{"start":{"line":15,"column":18},"end":{"line":15,"column":19}},"loc":{"start":{"line":15,"column":24},"end":{"line":15,"column":47}},"line":15},"3":{"name":"(anonymous_3)","decl":{"start":{"line":16,"column":12},"end":{"line":16,"column":13}},"loc":{"start":{"line":16,"column":28},"end":{"line":16,"column":51}},"line":16},"4":{"name":"(anonymous_4)","decl":{"start":{"line":17,"column":18},"end":{"line":17,"column":19}},"loc":{"start":{"line":17,"column":24},"end":{"line":17,"column":48}},"line":17},"5":{"name":"(anonymous_5)","decl":{"start":{"line":18,"column":18},"end":{"line":18,"column":19}},"loc":{"start":{"line":18,"column":24},"end":{"line":18,"column":48}},"line":18},"6":{"name":"(anonymous_6)","decl":{"start":{"line":19,"column":12},"end":{"line":19,"column":13}},"loc":{"start":{"line":19,"column":18},"end":{"line":19,"column":34}},"line":19},"7":{"name":"(anonymous_7)","decl":{"start":{"line":23,"column":2},"end":{"line":23,"column":3}},"loc":{"start":{"line":23,"column":32},"end":{"line":25,"column":3}},"line":23},"8":{"name":"(anonymous_8)","decl":{"start":{"line":27,"column":2},"end":{"line":27,"column":3}},"loc":{"start":{"line":27,"column":39},"end":{"line":29,"column":3}},"line":27},"9":{"name":"(anonymous_9)","decl":{"start":{"line":31,"column":2},"end":{"line":31,"column":3}},"loc":{"start":{"line":31,"column":26},"end":{"line":33,"column":3}},"line":31},"10":{"name":"(anonymous_10)","decl":{"start":{"line":35,"column":2},"end":{"line":35,"column":3}},"loc":{"start":{"line":35,"column":30},"end":{"line":37,"column":3}},"line":35},"11":{"name":"(anonymous_11)","decl":{"start":{"line":39,"column":2},"end":{"line":39,"column":3}},"loc":{"start":{"line":39,"column":32},"end":{"line":41,"column":3}},"line":39},"12":{"name":"(anonymous_12)","decl":{"start":{"line":43,"column":2},"end":{"line":43,"column":3}},"loc":{"start":{"line":43,"column":30},"end":{"line":45,"column":3}},"line":43},"13":{"name":"(anonymous_13)","decl":{"start":{"line":47,"column":2},"end":{"line":47,"column":3}},"loc":{"start":{"line":47,"column":31},"end":{"line":51,"column":3}},"line":47},"14":{"name":"(anonymous_14)","decl":{"start":{"line":53,"column":2},"end":{"line":53,"column":3}},"loc":{"start":{"line":53,"column":50},"end":{"line":55,"column":3}},"line":53},"15":{"name":"(anonymous_15)","decl":{"start":{"line":57,"column":2},"end":{"line":57,"column":3}},"loc":{"start":{"line":57,"column":48},"end":{"line":64,"column":3}},"line":57},"16":{"name":"(anonymous_16)","decl":{"start":{"line":60,"column":6},"end":{"line":60,"column":7}},"loc":{"start":{"line":60,"column":32},"end":{"line":62,"column":8}},"line":60},"17":{"name":"(anonymous_17)","decl":{"start":{"line":60,"column":46},"end":{"line":60,"column":47}},"loc":{"start":{"line":60,"column":64},"end":{"line":62,"column":7}},"line":60},"18":{"name":"(anonymous_18)","decl":{"start":{"line":66,"column":2},"end":{"line":66,"column":3}},"loc":{"start":{"line":66,"column":45},"end":{"line":76,"column":3}},"line":66},"19":{"name":"(anonymous_19)","decl":{"start":{"line":70,"column":25},"end":{"line":70,"column":26}},"loc":{"start":{"line":70,"column":36},"end":{"line":72,"column":7}},"line":70},"20":{"name":"(anonymous_20)","decl":{"start":{"line":78,"column":2},"end":{"line":78,"column":3}},"loc":{"start":{"line":78,"column":50},"end":{"line":89,"column":3}},"line":78}},"branchMap":{"0":{"loc":{"start":{"line":69,"column":4},"end":{"line":75,"column":5}},"type":"if","locations":[{"start":{"line":69,"column":4},"end":{"line":75,"column":5}},{"start":{"line":69,"column":4},"end":{"line":75,"column":5}}],"line":69}},"s":{"0":0,"1":0,"2":0,"3":0,"4":0,"5":0,"6":0,"7":27,"8":10,"9":41,"10":9,"11":11,"12":10,"13":2,"14":5,"15":1,"16":0,"17":0,"18":3,"19":3,"20":2,"21":2,"22":1,"23":2,"24":2,"25":2,"26":2,"27":2,"28":2,"29":2},"f":{"0":0,"1":0,"2":0,"3":0,"4":0,"5":0,"6":0,"7":27,"8":10,"9":41,"10":9,"11":11,"12":10,"13":2,"14":5,"15":1,"16":0,"17":0,"18":3,"19":2,"20":2},"b":{"0":[2,1]},"_coverageSchema":"1a1c01bbd47fc00a2c39e90264f33305004495a9","hash":"4317a1ba2bdc9347e04a18876d16685a2d9556aa"}
}
